phase8_android_dummy_app/app/build/intermediates/manifest_merge_blame_file/debug/processDebugMainManifest/manifest-merger-blame-debug-report.txt
1<?xml version="1.0" encoding="utf-8"?>
2<manifest xmlns:android="http://schemas.android.com/apk/res/android"
3    package="com.gagent.dummyandroid"
4    android:versionCode="1"
5    android:versionName="1.0" >
6
7    <uses-sdk
8        android:minSdkVersion="23"
9        android:targetSdkVersion="35" />
10
11    <application
11-->src\main\AndroidManifest.xml:3:5-21:19
12        android:allowBackup="false"
12-->src\main\AndroidManifest.xml:6:9-36
13        android:debuggable="true"
14        android:extractNativeLibs="false"
15        android:label="@string/app_name"
15-->src\main\AndroidManifest.xml:5:9-41
16        android:supportsRtl="true"
16-->src\main\AndroidManifest.xml:8:9-35
17        android:testOnly="true"
18        android:theme="@style/AppTheme"
18-->src\main\AndroidManifest.xml:4:9-40
19        android:usesCleartextTraffic="true" >
19-->src\main\AndroidManifest.xml:7:9-44
20        <activity
20-->src\main\AndroidManifest.xml:10:9-19:20
21            android:name="com.gagent.dummyandroid.MainActivity"
21-->src\main\AndroidManifest.xml:11:13-41
22            android:exported="true" >
22-->src\main\AndroidManifest.xml:12:13-36
23            <intent-filter>
23-->src\main\AndroidManifest.xml:14:13-17:29
24                <action android:name="android.intent.action.MAIN" />
24-->src\main\AndroidManifest.xml:15:17-68
24-->src\main\AndroidManifest.xml:15:25-66
25
26                <category android:name="android.intent.category.LAUNCHER" />
26-->src\main\AndroidManifest.xml:16:17-76
26-->src\main\AndroidManifest.xml:16:27-74
27            </intent-filter>
28        </activity>
29    </application>
30
31</manifest>